Arguments: 
  /usr/local/bin/node /opt/yarn-v1.22.19/bin/yarn.js add Browserify

PATH: 
  /opt/node_app/node_modules/.bin/usr/local/sbin:/usr/local/bin:/usr/sbin:/usr/bin:/sbin:/bin

Yarn version: 
  1.22.19

Node version: 
  20.11.0

Platform: 
  linux x64

Trace: 
  Error: https://registry.yarnpkg.com/Browserify: Not found
      at params.callback [as _callback] (/opt/yarn-v1.22.19/lib/cli.js:66145:18)
      at self.callback (/opt/yarn-v1.22.19/lib/cli.js:140890:22)
      at Request.emit (node:events:518:28)
      at Request.<anonymous> (/opt/yarn-v1.22.19/lib/cli.js:141862:10)
      at Request.emit (node:events:518:28)
      at IncomingMessage.<anonymous> (/opt/yarn-v1.22.19/lib/cli.js:141784:12)
      at Object.onceWrapper (node:events:632:28)
      at IncomingMessage.emit (node:events:530:35)
      at endReadableNT (node:internal/streams/readable:1696:12)
      at process.processTicksAndRejections (node:internal/process/task_queues:82:21)

npm manifest: 
  {
    "name": "auto_website_frontend",
    "version": "1.0.0",
    "description": "",
    "main": "index.js",
    "scripts": {
      "test": "echo \"Error: no test specified\" && exit 1"
    },
    "keywords": [],
    "author": "",
    "license": "ISC",
    "dependencies": {
      "@fortawesome/fontawesome-free": "^6.5.1",
      "@fortawesome/free-brands-svg-icons": "^6.5.1",
      "@fortawesome/free-regular-svg-icons": "^6.5.1",
      "axios": "^1.6.7",
      "body-parser": "^1.20.2",
      "bootstrap": "^4.6.2",
      "bootstrap-email": "^1.2.9",
      "bootstrap-select": "^1.13.18",
      "cors": "^2.8.5",
      "express": "^4.18.2",
      "jquery": "^3.4.1",
      "jsdom": "^24.0.0",
      "juice": "^10.0.0"
    }
  }

yarn manifest: 
  No manifest

Lockfile: 
  No lockfile
